<?xml version="1.0" encoding="UTF-8"?>
<!-- Generated by org.testng.reporters.JUnitReportReporter -->
<testsuite hostname="rajesh-PC" name="testngExamples.TestngAnnotations" tests="1" failures="0" timestamp="7 May 2016 16:12:51 GMT" time="0.006" errors="0">
  <testcase name="f" time="0.006" classname="testngExamples.TestngAnnotations"/>
</testsuite> <!-- testngExamples.TestngAnnotations -->
