<?xml version="1.0" encoding="UTF-8"?>
<!-- Generated by org.testng.reporters.JUnitReportReporter -->
<testsuite hostname="rajesh-PC" name="week5.LoginDataproviderAndExcel" tests="2" failures="0" timestamp="20 May 2016 01:23:17 GMT" time="62.610" errors="0">
  <testcase name="verifyLogin" time="28.860" classname="week5.LoginDataproviderAndExcel"/>
  <testcase name="verifyLogin" time="33.750" classname="week5.LoginDataproviderAndExcel"/>
</testsuite> <!-- week5.LoginDataproviderAndExcel -->
