<?xml version="1.0" encoding="UTF-8"?>
<!-- Generated by org.testng.reporters.JUnitReportReporter -->
<testsuite hostname="rajesh-PC" name="testngExamples.SampleTest" tests="2" failures="0" timestamp="8 May 2016 06:16:11 GMT" time="158.324" errors="0">
  <testcase name="CreateContact" time="78.224" classname="testngExamples.SampleTest"/>
  <testcase name="CreateLead" time="80.100" classname="testngExamples.SampleTest"/>
</testsuite> <!-- testngExamples.SampleTest -->
