<?xml version="1.0" encoding="UTF-8"?>
<!-- Generated by org.testng.reporters.JUnitReportReporter -->
<testsuite hostname="rajesh-PC" name="testngExamples.NewTest" tests="1" failures="0" timestamp="7 May 2016 14:17:25 GMT" time="0.007" errors="0">
  <testcase name="f" time="0.007" classname="testngExamples.NewTest"/>
</testsuite> <!-- testngExamples.NewTest -->
