<?xml version="1.0" encoding="UTF-8"?>
<!-- Generated by org.testng.reporters.JUnitReportReporter -->
<testsuite hostname="rajesh-PC" name="testngExamples.FindLeadN" tests="2" failures="0" timestamp="8 May 2016 13:17:38 GMT" time="0.004" errors="0">
  <testcase name="clickFindLead" time="0.002" classname="testngExamples.FindLeadN"/>
  <testcase name="clickFindLead" time="0.002" classname="testngExamples.FindLeadN"/>
</testsuite> <!-- testngExamples.FindLeadN -->
