<?xml version="1.0" encoding="UTF-8"?>
<!-- Generated by org.testng.reporters.JUnitReportReporter -->
<testsuite hostname="rajesh-PC" name="testNGProject.EditContactTest" tests="1" failures="0" timestamp="13 May 2016 17:48:50 GMT" time="80.243" errors="0">
  <testcase name="editContact" time="80.243" classname="testNGProject.EditContactTest"/>
</testsuite> <!-- testNGProject.EditContactTest -->
