<?xml version="1.0" encoding="UTF-8"?>
<!-- Generated by org.testng.reporters.JUnitReportReporter -->
<testsuite hostname="rajesh-PC" name="testNGProject.CreateContactTest" tests="1" failures="0" timestamp="13 May 2016 17:48:50 GMT" time="57.869" errors="0">
  <testcase name="createContact" time="57.869" classname="testNGProject.CreateContactTest"/>
</testsuite> <!-- testNGProject.CreateContactTest -->
