<?xml version="1.0" encoding="UTF-8"?>
<!-- Generated by org.testng.reporters.JUnitReportReporter -->
<testsuite hostname="rajesh-PC" name="testngExamples.CreateContactN" tests="1" failures="0" timestamp="8 May 2016 13:17:38 GMT" time="0.000" errors="0">
  <testcase name="clickCreateContact" time="0.000" classname="testngExamples.CreateContactN"/>
</testsuite> <!-- testngExamples.CreateContactN -->
