<?xml version="1.0" encoding="UTF-8"?>
<!-- Generated by org.testng.reporters.JUnitReportReporter -->
<testsuite hostname="rajesh-PC" name="testNGProject.EditLeadTest" tests="1" failures="0" timestamp="13 May 2016 17:54:16 GMT" time="51.129" errors="0">
  <testcase name="editLead" time="51.129" classname="testNGProject.EditLeadTest"/>
</testsuite> <!-- testNGProject.EditLeadTest -->
