<?xml version="1.0" encoding="UTF-8"?>
<!-- Generated by org.testng.reporters.JUnitReportReporter -->
<testsuite hostname="rajesh-PC" name="testngExamples.CreateLeadN" tests="2" failures="0" timestamp="8 May 2016 13:17:38 GMT" time="0.009" errors="0">
  <testcase name="clickCreateLead" time="0.008" classname="testngExamples.CreateLeadN"/>
  <testcase name="clickCreateLead" time="0.001" classname="testngExamples.CreateLeadN"/>
</testsuite> <!-- testngExamples.CreateLeadN -->
