<?xml version="1.0" encoding="UTF-8"?>
<!-- Generated by org.testng.reporters.JUnitReportReporter -->
<testsuite hostname="rajesh-PC" name="testNGProject.MergeContactTest" tests="1" failures="0" timestamp="12 May 2016 13:49:49 GMT" time="104.461" errors="0">
  <testcase name="mergeContact" time="104.461" classname="testNGProject.MergeContactTest"/>
</testsuite> <!-- testNGProject.MergeContactTest -->
