<?xml version="1.0" encoding="UTF-8"?>
<!-- Generated by org.testng.reporters.JUnitReportReporter -->
<testsuite hostname="rajesh-PC" name="testNGProject.DeleteContactTest" tests="1" failures="0" timestamp="13 May 2016 17:48:50 GMT" time="67.619" errors="0">
  <testcase name="deleteContact" time="67.619" classname="testNGProject.DeleteContactTest"/>
</testsuite> <!-- testNGProject.DeleteContactTest -->
