<?xml version="1.0" encoding="UTF-8"?>
<!-- Generated by org.testng.reporters.JUnitReportReporter -->
<testsuite hostname="rajesh-PC" name="week5.AppendData" tests="1" failures="0" timestamp="14 May 2016 14:54:24 GMT" time="1.000" errors="0">
  <testcase name="append" time="1.000" classname="week5.AppendData"/>
</testsuite> <!-- week5.AppendData -->
