<?xml version="1.0" encoding="UTF-8"?>
<!-- Generated by org.testng.reporters.JUnitReportReporter -->
<testsuite hostname="rajesh-PC" name="testNGProject.CreateLeadTest" tests="2" failures="0" timestamp="13 May 2016 17:54:16 GMT" time="75.347" errors="0">
  <testcase name="createLead" time="36.080" classname="testNGProject.CreateLeadTest"/>
  <testcase name="createLead" time="39.267" classname="testNGProject.CreateLeadTest"/>
</testsuite> <!-- testNGProject.CreateLeadTest -->
