<?xml version="1.0" encoding="UTF-8"?>
<!-- Generated by org.testng.reporters.JUnitReportReporter -->
<testsuite hostname="rajesh-PC" name="testNGProject.NewTest" tests="2" failures="0" timestamp="8 May 2016 16:34:39 GMT" time="0.015" errors="0">
  <testcase name="f" time="0.014" classname="testNGProject.NewTest"/>
  <testcase name="f" time="0.001" classname="testNGProject.NewTest"/>
</testsuite> <!-- testNGProject.NewTest -->
