<?xml version="1.0" encoding="UTF-8"?>
<!-- Generated by org.testng.reporters.JUnitReportReporter -->
<testsuite hostname="rajesh-PC" name="testngExamples.week4Day2" tests="8" failures="0" timestamp="8 May 2016 07:17:36 GMT" time="0.014" errors="0">
  <testcase name="clickCreateContact" time="0.000" classname="testngExamples.week4Day2"/>
  <testcase name="clickCreateLead" time="0.002" classname="testngExamples.week4Day2"/>
  <testcase name="clickCreateLead" time="0.002" classname="testngExamples.week4Day2"/>
  <testcase name="clickCreateContact" time="0.000" classname="testngExamples.week4Day2"/>
  <testcase name="clickCreateLead" time="0.000" classname="testngExamples.week4Day2"/>
  <testcase name="clickFindLead" time="0.002" classname="testngExamples.week4Day2"/>
  <testcase name="clickCreateLead" time="0.006" classname="testngExamples.week4Day2"/>
  <testcase name="clickFindLead" time="0.002" classname="testngExamples.week4Day2"/>
</testsuite> <!-- testngExamples.week4Day2 -->
