<?xml version="1.0" encoding="UTF-8"?>
<!-- Generated by org.testng.reporters.JUnitReportReporter -->
<testsuite hostname="rajesh-PC" name="week5.ReadandWriteExcel" tests="1" failures="0" timestamp="14 May 2016 14:27:15 GMT" time="38.833" errors="0">
  <testcase name="readExcel" time="38.833" classname="week5.ReadandWriteExcel"/>
</testsuite> <!-- week5.ReadandWriteExcel -->
